{"contracts\\BasicDutchAuction.sol":{"l":{"22":6,"23":6,"24":6,"25":6,"26":6,"27":6,"32":15,"33":1,"36":14,"41":1,"45":11,"47":10,"49":5,"51":4,"52":4,"54":4,"57":4,"60":4,"62":4,"63":4},"path":"C:\\Users\\jashm\\OneDrive\\Desktop\\7500-Crypto and Smart Contracts\\Dutch-Auction\\v1\\contracts\\BasicDutchAuction.sol","s":{"1":6,"2":6,"3":6,"4":6,"5":6,"6":6,"7":15,"8":1,"9":14,"10":1,"11":11,"12":10,"13":5,"14":4,"15":4,"16":4,"17":4,"18":4,"19":4,"20":4},"b":{"1":[1,14],"2":[10,1],"3":[5,5],"4":[4,1],"5":[4,0],"6":[4,0],"7":[4,0]},"f":{"1":6,"2":15,"3":1,"4":11},"fnMap":{"1":{"name":"constructor","line":21,"loc":{"start":{"line":21,"column":4},"end":{"line":28,"column":4}}},"2":{"name":"getprice","line":30,"loc":{"start":{"line":30,"column":4},"end":{"line":38,"column":4}}},"3":{"name":"checkbalance","line":40,"loc":{"start":{"line":40,"column":4},"end":{"line":42,"column":4}}},"4":{"name":"receiveMoney","line":44,"loc":{"start":{"line":44,"column":4},"end":{"line":65,"column":4}}}},"statementMap":{"1":{"start":{"line":22,"column":8},"end":{"line":22,"column":32}},"2":{"start":{"line":23,"column":8},"end":{"line":23,"column":20}},"3":{"start":{"line":24,"column":8},"end":{"line":24,"column":77}},"4":{"start":{"line":25,"column":8},"end":{"line":25,"column":33}},"5":{"start":{"line":26,"column":8},"end":{"line":26,"column":25}},"6":{"start":{"line":27,"column":8},"end":{"line":27,"column":38}},"7":{"start":{"line":32,"column":8},"end":{"line":32,"column":1110}},"8":{"start":{"line":33,"column":12},"end":{"line":33,"column":31}},"9":{"start":{"line":36,"column":8},"end":{"line":36,"column":67}},"10":{"start":{"line":41,"column":8},"end":{"line":41,"column":38}},"11":{"start":{"line":45,"column":8},"end":{"line":45,"column":66}},"12":{"start":{"line":47,"column":8},"end":{"line":47,"column":65}},"13":{"start":{"line":49,"column":8},"end":{"line":49,"column":80}},"14":{"start":{"line":51,"column":8},"end":{"line":51,"column":25}},"15":{"start":{"line":52,"column":8},"end":{"line":52,"column":30}},"16":{"start":{"line":54,"column":8},"end":{"line":54,"column":68}},"17":{"start":{"line":57,"column":8},"end":{"line":57,"column":79}},"18":{"start":{"line":60,"column":8},"end":{"line":60,"column":2164}},"19":{"start":{"line":62,"column":8},"end":{"line":62,"column":85}},"20":{"start":{"line":63,"column":8},"end":{"line":63,"column":65}}},"branchMap":{"1":{"line":32,"type":"if","locations":[{"start":{"line":32,"column":8},"end":{"line":32,"column":8}},{"start":{"line":32,"column":8},"end":{"line":32,"column":8}}]},"2":{"line":45,"type":"if","locations":[{"start":{"line":45,"column":8},"end":{"line":45,"column":8}},{"start":{"line":45,"column":8},"end":{"line":45,"column":8}}]},"3":{"line":47,"type":"if","locations":[{"start":{"line":47,"column":8},"end":{"line":47,"column":8}},{"start":{"line":47,"column":8},"end":{"line":47,"column":8}}]},"4":{"line":49,"type":"if","locations":[{"start":{"line":49,"column":8},"end":{"line":49,"column":8}},{"start":{"line":49,"column":8},"end":{"line":49,"column":8}}]},"5":{"line":57,"type":"if","locations":[{"start":{"line":57,"column":8},"end":{"line":57,"column":8}},{"start":{"line":57,"column":8},"end":{"line":57,"column":8}}]},"6":{"line":60,"type":"if","locations":[{"start":{"line":60,"column":8},"end":{"line":60,"column":8}},{"start":{"line":60,"column":8},"end":{"line":60,"column":8}}]},"7":{"line":63,"type":"if","locations":[{"start":{"line":63,"column":8},"end":{"line":63,"column":8}},{"start":{"line":63,"column":8},"end":{"line":63,"column":8}}]}}}}