{"contracts\\BasicDutchAuction.sol":{"l":{"22":9,"23":9,"24":9,"25":9,"26":9,"27":9,"32":5,"33":1,"36":4,"41":1,"45":4,"47":3,"49":1,"50":1,"52":1,"55":1,"58":1,"60":1,"61":1},"path":"C:\\Users\\jashm\\OneDrive\\Desktop\\7500-Crypto and Smart Contracts\\Dutch-Auction\\v1\\contracts\\BasicDutchAuction.sol","s":{"1":9,"2":9,"3":9,"4":9,"5":9,"6":9,"7":5,"8":1,"9":4,"10":1,"11":4,"12":3,"13":1,"14":1,"15":1,"16":1,"17":1,"18":1,"19":1},"b":{"1":[1,4],"2":[3,1],"3":[1,2],"4":[1,0],"5":[1,0],"6":[1,0]},"f":{"1":9,"2":5,"3":1,"4":4},"fnMap":{"1":{"name":"constructor","line":21,"loc":{"start":{"line":21,"column":4},"end":{"line":28,"column":4}}},"2":{"name":"getprice","line":30,"loc":{"start":{"line":30,"column":4},"end":{"line":38,"column":4}}},"3":{"name":"checkbalance","line":40,"loc":{"start":{"line":40,"column":4},"end":{"line":42,"column":4}}},"4":{"name":"receiveMoney","line":44,"loc":{"start":{"line":44,"column":4},"end":{"line":63,"column":4}}}},"statementMap":{"1":{"start":{"line":22,"column":8},"end":{"line":22,"column":32}},"2":{"start":{"line":23,"column":8},"end":{"line":23,"column":20}},"3":{"start":{"line":24,"column":8},"end":{"line":24,"column":77}},"4":{"start":{"line":25,"column":8},"end":{"line":25,"column":33}},"5":{"start":{"line":26,"column":8},"end":{"line":26,"column":25}},"6":{"start":{"line":27,"column":8},"end":{"line":27,"column":38}},"7":{"start":{"line":32,"column":8},"end":{"line":32,"column":1110}},"8":{"start":{"line":33,"column":12},"end":{"line":33,"column":31}},"9":{"start":{"line":36,"column":8},"end":{"line":36,"column":67}},"10":{"start":{"line":41,"column":8},"end":{"line":41,"column":38}},"11":{"start":{"line":45,"column":8},"end":{"line":45,"column":66}},"12":{"start":{"line":47,"column":8},"end":{"line":47,"column":65}},"13":{"start":{"line":49,"column":8},"end":{"line":49,"column":25}},"14":{"start":{"line":50,"column":8},"end":{"line":50,"column":30}},"15":{"start":{"line":52,"column":8},"end":{"line":52,"column":68}},"16":{"start":{"line":55,"column":8},"end":{"line":55,"column":79}},"17":{"start":{"line":58,"column":8},"end":{"line":58,"column":2078}},"18":{"start":{"line":60,"column":8},"end":{"line":60,"column":85}},"19":{"start":{"line":61,"column":8},"end":{"line":61,"column":65}}},"branchMap":{"1":{"line":32,"type":"if","locations":[{"start":{"line":32,"column":8},"end":{"line":32,"column":8}},{"start":{"line":32,"column":8},"end":{"line":32,"column":8}}]},"2":{"line":45,"type":"if","locations":[{"start":{"line":45,"column":8},"end":{"line":45,"column":8}},{"start":{"line":45,"column":8},"end":{"line":45,"column":8}}]},"3":{"line":47,"type":"if","locations":[{"start":{"line":47,"column":8},"end":{"line":47,"column":8}},{"start":{"line":47,"column":8},"end":{"line":47,"column":8}}]},"4":{"line":55,"type":"if","locations":[{"start":{"line":55,"column":8},"end":{"line":55,"column":8}},{"start":{"line":55,"column":8},"end":{"line":55,"column":8}}]},"5":{"line":58,"type":"if","locations":[{"start":{"line":58,"column":8},"end":{"line":58,"column":8}},{"start":{"line":58,"column":8},"end":{"line":58,"column":8}}]},"6":{"line":61,"type":"if","locations":[{"start":{"line":61,"column":8},"end":{"line":61,"column":8}},{"start":{"line":61,"column":8},"end":{"line":61,"column":8}}]}}}}