TN:
SF:C:\Users\jashm\OneDrive\Desktop\7500-Crypto and Smart Contracts\Dutch-Auction\v1\contracts\BasicDutchAuction.sol
FN:21,constructor
FN:30,getprice
FN:40,checkbalance
FN:44,receiveMoney
FNF:4
FNH:4
FNDA:6,constructor
FNDA:15,getprice
FNDA:1,checkbalance
FNDA:11,receiveMoney
DA:22,6
DA:23,6
DA:24,6
DA:25,6
DA:26,6
DA:27,6
DA:32,15
DA:33,1
DA:36,14
DA:41,1
DA:45,11
DA:47,10
DA:49,5
DA:51,4
DA:52,4
DA:54,4
DA:57,4
DA:60,4
DA:62,4
DA:63,4
LF:20
LH:20
BRDA:32,1,0,1
BRDA:32,1,1,14
BRDA:45,2,0,10
BRDA:45,2,1,1
BRDA:47,3,0,5
BRDA:47,3,1,5
BRDA:49,4,0,4
BRDA:49,4,1,1
BRDA:57,5,0,4
BRDA:57,5,1,0
BRDA:60,6,0,4
BRDA:60,6,1,0
BRDA:63,7,0,4
BRDA:63,7,1,0
BRF:14
BRH:11
end_of_record
