TN:
SF:C:\Users\jashm\OneDrive\Desktop\7500-Crypto and Smart Contracts\Dutch-Auction\v1\contracts\BasicDutchAuction.sol
FN:21,constructor
FN:30,getprice
FN:40,checkbalance
FN:44,receiveMoney
FNF:4
FNH:4
FNDA:9,constructor
FNDA:5,getprice
FNDA:1,checkbalance
FNDA:4,receiveMoney
DA:22,9
DA:23,9
DA:24,9
DA:25,9
DA:26,9
DA:27,9
DA:32,5
DA:33,1
DA:36,4
DA:41,1
DA:45,4
DA:47,3
DA:49,1
DA:50,1
DA:52,1
DA:55,1
DA:58,1
DA:60,1
DA:61,1
LF:19
LH:19
BRDA:32,1,0,1
BRDA:32,1,1,4
BRDA:45,2,0,3
BRDA:45,2,1,1
BRDA:47,3,0,1
BRDA:47,3,1,2
BRDA:55,4,0,1
BRDA:55,4,1,0
BRDA:58,5,0,1
BRDA:58,5,1,0
BRDA:61,6,0,1
BRDA:61,6,1,0
BRF:12
BRH:9
end_of_record
