TN:
SF:C:\Users\jashm\OneDrive\Desktop\7500-Crypto and Smart Contracts\Dutch-Auction\v3\contracts\NFTDutchAuction_ERC20Bids.sol
FN:21,constructor
FN:37,constructor
FN:41,safeMint
FN:54,_beforeTokenTransfer
FN:60,supportsInterface
FN:84,constructor
FN:105,getCurrentBlockNumber
FN:109,calculatePrice
FN:117,receiveMoney
FNF:9
FNH:9
FNDA:3,constructor
FNDA:3,constructor
FNDA:1,safeMint
FNDA:2,_beforeTokenTransfer
FNDA:1,supportsInterface
FNDA:3,constructor
FNDA:1,getCurrentBlockNumber
FNDA:7,calculatePrice
FNDA:3,receiveMoney
DA:26,3
DA:38,3
DA:42,1
DA:43,1
DA:44,1
DA:45,1
DA:46,1
DA:55,2
DA:63,1
DA:92,3
DA:93,3
DA:94,3
DA:95,3
DA:96,3
DA:97,3
DA:98,3
DA:99,3
DA:100,3
DA:101,3
DA:102,3
DA:106,1
DA:110,7
DA:111,1
DA:114,6
DA:118,3
DA:120,3
DA:122,2
DA:125,1
DA:132,1
DA:138,1
LF:30
LH:30
BRDA:42,1,0,1
BRDA:42,1,1,0
BRDA:43,2,0,1
BRDA:43,2,1,0
BRDA:54,3,0,2
BRDA:54,3,1,0
BRDA:110,4,0,1
BRDA:110,4,1,6
BRDA:120,5,0,2
BRDA:120,5,1,1
BRDA:122,6,0,1
BRDA:122,6,1,1
BRF:12
BRH:9
end_of_record
